#-----------------------------------------------------------
# Vivado v2017.4 (64-bit)
# SW Build 2086221 on Fri Dec 15 20:55:39 MST 2017
# IP Build 2085800 on Fri Dec 15 22:25:07 MST 2017
# Start of session at: Sun Jun  9 10:42:24 2024
# Process ID: 14984
# Current directory: C:/application/8_bits/8_bits_cpu
# Command line: vivado.exe -gui_launcher_event rodinguilauncherevent11432 C:\application\8_bits\8_bits_cpu\8_bits_cpu.xpr
# Log file: C:/application/8_bits/8_bits_cpu/vivado.log
# Journal file: C:/application/8_bits/8_bits_cpu\vivado.jou
#-----------------------------------------------------------
start_gui
open_project C:/application/8_bits/8_bits_cpu/8_bits_cpu.xpr
Scanning sources...
Finished scanning sources
INFO: [IP_Flow 19-234] Refreshing IP repositories
INFO: [IP_Flow 19-1704] No user IP repositories specified
INFO: [IP_Flow 19-2313] Loaded Vivado IP repository 'C:/application/vivado/Vivado/2017.4/data/ip'.
reset_run impl_1
update_compile_order -fileset sources_1
launch_runs impl_1 -jobs 8
[Sun Jun  9 10:42:40 2024] Launched impl_1...
Run output will be captured here: C:/application/8_bits/8_bits_cpu/8_bits_cpu.runs/impl_1/runme.log
open_run impl_1
INFO: [Netlist 29-17] Analyzing 2 Unisim elements for replacement
INFO: [Netlist 29-28] Unisim Transformation completed in 0 CPU seconds
INFO: [Project 1-479] Netlist was created with Vivado 2017.4
INFO: [Device 21-403] Loading part xc7vx485tffg1157-1
INFO: [Project 1-570] Preparing netlist for logic optimization
Reading XDEF placement.
Reading placer database...
Reading XDEF routing.
Read XDEF File: Time (s): cpu = 00:00:00 ; elapsed = 00:00:00.054 . Memory (MB): peak = 1421.176 ; gain = 0.520
Restored from archive | CPU: 0.000000 secs | Memory: 0.000000 MB |
Finished XDEF File Restore: Time (s): cpu = 00:00:00 ; elapsed = 00:00:00.054 . Memory (MB): peak = 1421.176 ; gain = 0.520
INFO: [Project 1-111] Unisim Transformation Summary:
No Unisim elements were transformed.

open_run: Time (s): cpu = 00:00:10 ; elapsed = 00:00:11 . Memory (MB): peak = 1632.457 ; gain = 662.754
WARNING: [Timing 38-313] There are no user specified timing constraints. Timing constraints are needed for proper timing analysis.
exit
INFO: [Common 17-206] Exiting Vivado at Sun Jun  9 10:44:17 2024...
