INFO: [VRFC 10-2263] Analyzing Verilog file "C:/application/8_bits/8_bits_cpu/8_bits_cpu.srcs/sources_1/new/accumulator.v" into library xil_defaultlib
INFO: [VRFC 10-311] analyzing module accumulator
INFO: [VRFC 10-2263] Analyzing Verilog file "C:/application/8_bits/8_bits_cpu/8_bits_cpu.srcs/sources_1/new/alu.v" into library xil_defaultlib
INFO: [VRFC 10-311] analyzing module alu
INFO: [VRFC 10-2263] Analyzing Verilog file "C:/application/8_bits/8_bits_cpu/8_bits_cpu.srcs/sources_1/new/controller.v" into library xil_defaultlib
INFO: [VRFC 10-311] analyzing module controller
INFO: [VRFC 10-2263] Analyzing Verilog file "C:/application/8_bits/8_bits_cpu/8_bits_cpu.srcs/sources_1/new/cpu.v" into library xil_defaultlib
INFO: [VRFC 10-311] analyzing module cpu
INFO: [VRFC 10-2263] Analyzing Verilog file "C:/application/8_bits/8_bits_cpu/8_bits_cpu.srcs/sources_1/new/instruction_register.v" into library xil_defaultlib
INFO: [VRFC 10-311] analyzing module instruction_register
INFO: [VRFC 10-2263] Analyzing Verilog file "C:/application/8_bits/8_bits_cpu/8_bits_cpu.srcs/sources_1/new/program_counter.v" into library xil_defaultlib
INFO: [VRFC 10-311] analyzing module program_counter
INFO: [VRFC 10-2263] Analyzing Verilog file "C:/application/8_bits/8_bits_cpu/8_bits_cpu.srcs/sources_1/new/ram.v" into library xil_defaultlib
INFO: [VRFC 10-311] analyzing module ram
INFO: [VRFC 10-2263] Analyzing Verilog file "C:/application/8_bits/8_bits_cpu/8_bits_cpu.srcs/sources_1/new/regs.v" into library xil_defaultlib
INFO: [VRFC 10-311] analyzing module regs
INFO: [VRFC 10-2263] Analyzing Verilog file "C:/application/8_bits/8_bits_cpu/8_bits_cpu.srcs/sources_1/new/rom.v" into library xil_defaultlib
INFO: [VRFC 10-311] analyzing module rom
INFO: [VRFC 10-2263] Analyzing Verilog file "C:/application/8_bits/8_bits_cpu/8_bits_cpu.srcs/sim_1/new/cpu_test.v" into library xil_defaultlib
INFO: [VRFC 10-311] analyzing module cpu_test
